Copyright 1986-2018 Xilinx, Inc. All Rights Reserved.
------------------------------------------------------------------------------------
| Tool Version : Vivado v.2018.3 (lin64) Build 2405991 Thu Dec  6 23:36:41 MST 2018
| Date         : Tue Nov 12 18:42:29 2019
| Host         : alpha running 64-bit Ubuntu 18.04.3 LTS
| Command      : report_control_sets -verbose -file top_control_sets_placed.rpt
| Design       : top
| Device       : xc7a100t
------------------------------------------------------------------------------------

Control Set Information

Table of Contents
-----------------
1. Summary
2. Histogram
3. Flip-Flop Distribution
4. Detailed Control Set Information

1. Summary
----------

+----------------------------------------------------------+-------+
|                          Status                          | Count |
+----------------------------------------------------------+-------+
| Number of unique control sets                            |     8 |
| Unused register locations in slices containing registers |    36 |
+----------------------------------------------------------+-------+


2. Histogram
------------

+--------+--------------+
| Fanout | Control Sets |
+--------+--------------+
|      1 |            1 |
|      3 |            1 |
|      4 |            3 |
|      6 |            1 |
|    16+ |            2 |
+--------+--------------+


3. Flip-Flop Distribution
-------------------------

+--------------+-----------------------+------------------------+-----------------+--------------+
| Clock Enable | Synchronous Set/Reset | Asynchronous Set/Reset | Total Registers | Total Slices |
+--------------+-----------------------+------------------------+-----------------+--------------+
| No           | No                    | No                     |              10 |            5 |
| No           | No                    | Yes                    |               0 |            0 |
| No           | Yes                   | No                     |              54 |           14 |
| Yes          | No                    | No                     |               8 |            2 |
| Yes          | No                    | Yes                    |               0 |            0 |
| Yes          | Yes                   | No                     |               4 |            1 |
+--------------+-----------------------+------------------------+-----------------+--------------+


4. Detailed Control Set Information
-----------------------------------

+-------------------+-----------------------+--------------------------+------------------+----------------+
|    Clock Signal   |     Enable Signal     |     Set/Reset Signal     | Slice Load Count | Bel Load Count |
+-------------------+-----------------------+--------------------------+------------------+----------------+
|  clk100_IBUF_BUFG |                       |                          |                1 |              1 |
|  g0/clk_BUFG      |                       |                          |                2 |              3 |
|  g1/led_OBUF      | c2/c1/E[0]            |                          |                1 |              4 |
|  g1/led_OBUF      | c1/c1/carry_out_reg_0 | c2/c1/Q[3]_i_1__2_n_0    |                1 |              4 |
|  g1/led_OBUF      | c2/c1/Q_reg[2]_0      |                          |                1 |              4 |
|  g1/led_OBUF      |                       |                          |                2 |              6 |
|  clk100_IBUF_BUFG |                       | g0/clear                 |                7 |             27 |
|  g0/clk_BUFG      |                       | g1/counter[0]_i_1__0_n_0 |                7 |             27 |
+-------------------+-----------------------+--------------------------+------------------+----------------+


